Traceback (most recent call last):
  File "/opt/hostedtoolcache/Python/3.10.16/x64/lib/python3.10/site-packages/jupyter_cache/executors/utils.py", line 58, in single_nb_execution
    executenb(
  File "/opt/hostedtoolcache/Python/3.10.16/x64/lib/python3.10/site-packages/nbclient/client.py", line 1319, in execute
    return NotebookClient(nb=nb, resources=resources, km=km, **kwargs).execute()
  File "/opt/hostedtoolcache/Python/3.10.16/x64/lib/python3.10/site-packages/jupyter_core/utils/__init__.py", line 165, in wrapped
    return loop.run_until_complete(inner)
  File "/opt/hostedtoolcache/Python/3.10.16/x64/lib/python3.10/asyncio/base_events.py", line 649, in run_until_complete
    return future.result()
  File "/opt/hostedtoolcache/Python/3.10.16/x64/lib/python3.10/site-packages/nbclient/client.py", line 709, in async_execute
    await self.async_execute_cell(
  File "/opt/hostedtoolcache/Python/3.10.16/x64/lib/python3.10/site-packages/nbclient/client.py", line 1062, in async_execute_cell
    await self._check_raise_for_error(cell, cell_index, exec_reply)
  File "/opt/hostedtoolcache/Python/3.10.16/x64/lib/python3.10/site-packages/nbclient/client.py", line 918, in _check_raise_for_error
    raise CellExecutionError.from_cell_and_msg(cell, exec_reply_content)
nbclient.exceptions.CellExecutionError: An error occurred while executing the following cell:
------------------
import pandas as pd
import numpy as np

# Sample Data
data = {
    "Gender": ["Male", "Female", "Female", "Male"],  # Categorical
    "Age": [25, 30, 22, 28],  # Ratio
    "Education_Level": ["High School", "Bachelor's", "Master's", "PhD"],  # Ordinal
    "Temperature_C": [36.5, 37.2, 36.8, 37.0],  # Interval
    "Monthly_Income": [4000, 5500, 3200, 5000],  # Ratio
    "Customer_Rating": [3, 5, 4, 2],  # Ordinal
    "Sales_Date": pd.date_range(start="2023-01-01", periods=4, freq='ME')  # Time Series
}

df = pd.DataFrame(data)

# Convert ordinal data to ordered category
education_levels = ["High School", "Bachelor's", "Master's", "PhD"]
df["Education_Level"] = pd.Categorical(df["Education_Level"], categories=education_levels, ordered=True)

# Display data
print(df)

# Plot time series data
df.plot(
    x="Sales_Date",
    y="Monthly_Income",
    kind="line",
    title="Monthly Income Over Time"
)
------------------

----- stdout -----
   Gender  Age Education_Level  Temperature_C  Monthly_Income  \
0    Male   25     High School           36.5            4000   
1  Female   30      Bachelor's           37.2            5500   
2  Female   22        Master's           36.8            3200   
3    Male   28             PhD           37.0            5000   

   Customer_Rating Sales_Date  
0                3 2023-01-31  
1                5 2023-02-28  
2                4 2023-03-31  
3                2 2023-04-30
------------------

[0;31m---------------------------------------------------------------------------[0m
[0;31mImportError[0m                               Traceback (most recent call last)
Cell [0;32mIn[1], line 25[0m
[1;32m     22[0m [38;5;28mprint[39m(df)
[1;32m     24[0m [38;5;66;03m# Plot time series data[39;00m
[0;32m---> 25[0m [43mdf[49m[38;5;241;43m.[39;49m[43mplot[49m[43m([49m
[1;32m     26[0m [43m    [49m[43mx[49m[38;5;241;43m=[39;49m[38;5;124;43m"[39;49m[38;5;124;43mSales_Date[39;49m[38;5;124;43m"[39;49m[43m,[49m
[1;32m     27[0m [43m    [49m[43my[49m[38;5;241;43m=[39;49m[38;5;124;43m"[39;49m[38;5;124;43mMonthly_Income[39;49m[38;5;124;43m"[39;49m[43m,[49m
[1;32m     28[0m [43m    [49m[43mkind[49m[38;5;241;43m=[39;49m[38;5;124;43m"[39;49m[38;5;124;43mline[39;49m[38;5;124;43m"[39;49m[43m,[49m
[1;32m     29[0m [43m    [49m[43mtitle[49m[38;5;241;43m=[39;49m[38;5;124;43m"[39;49m[38;5;124;43mMonthly Income Over Time[39;49m[38;5;124;43m"[39;49m
[1;32m     30[0m [43m)[49m

File [0;32m/opt/hostedtoolcache/Python/3.10.16/x64/lib/python3.10/site-packages/pandas/plotting/_core.py:947[0m, in [0;36mPlotAccessor.__call__[0;34m(self, *args, **kwargs)[0m
[1;32m    946[0m [38;5;28;01mdef[39;00m[38;5;250m [39m[38;5;21m__call__[39m([38;5;28mself[39m, [38;5;241m*[39margs, [38;5;241m*[39m[38;5;241m*[39mkwargs):
[0;32m--> 947[0m     plot_backend [38;5;241m=[39m [43m_get_plot_backend[49m[43m([49m[43mkwargs[49m[38;5;241;43m.[39;49m[43mpop[49m[43m([49m[38;5;124;43m"[39;49m[38;5;124;43mbackend[39;49m[38;5;124;43m"[39;49m[43m,[49m[43m [49m[38;5;28;43;01mNone[39;49;00m[43m)[49m[43m)[49m
[1;32m    949[0m     x, y, kind, kwargs [38;5;241m=[39m [38;5;28mself[39m[38;5;241m.[39m_get_call_args(
[1;32m    950[0m         plot_backend[38;5;241m.[39m[38;5;18m__name__[39m, [38;5;28mself[39m[38;5;241m.[39m_parent, args, kwargs
[1;32m    951[0m     )
[1;32m    953[0m     kind [38;5;241m=[39m [38;5;28mself[39m[38;5;241m.[39m_kind_aliases[38;5;241m.[39mget(kind, kind)

File [0;32m/opt/hostedtoolcache/Python/3.10.16/x64/lib/python3.10/site-packages/pandas/plotting/_core.py:1944[0m, in [0;36m_get_plot_backend[0;34m(backend)[0m
[1;32m   1941[0m [38;5;28;01mif[39;00m backend_str [38;5;129;01min[39;00m _backends:
[1;32m   1942[0m     [38;5;28;01mreturn[39;00m _backends[backend_str]
[0;32m-> 1944[0m module [38;5;241m=[39m [43m_load_backend[49m[43m([49m[43mbackend_str[49m[43m)[49m
[1;32m   1945[0m _backends[backend_str] [38;5;241m=[39m module
[1;32m   1946[0m [38;5;28;01mreturn[39;00m module

File [0;32m/opt/hostedtoolcache/Python/3.10.16/x64/lib/python3.10/site-packages/pandas/plotting/_core.py:1874[0m, in [0;36m_load_backend[0;34m(backend)[0m
[1;32m   1872[0m         module [38;5;241m=[39m importlib[38;5;241m.[39mimport_module([38;5;124m"[39m[38;5;124mpandas.plotting._matplotlib[39m[38;5;124m"[39m)
[1;32m   1873[0m     [38;5;28;01mexcept[39;00m [38;5;167;01mImportError[39;00m:
[0;32m-> 1874[0m         [38;5;28;01mraise[39;00m [38;5;167;01mImportError[39;00m(
[1;32m   1875[0m             [38;5;124m"[39m[38;5;124mmatplotlib is required for plotting when the [39m[38;5;124m"[39m
[1;32m   1876[0m             [38;5;124m'[39m[38;5;124mdefault backend [39m[38;5;124m"[39m[38;5;124mmatplotlib[39m[38;5;124m"[39m[38;5;124m is selected.[39m[38;5;124m'[39m
[1;32m   1877[0m         ) [38;5;28;01mfrom[39;00m[38;5;250m [39m[38;5;28;01mNone[39;00m
[1;32m   1878[0m     [38;5;28;01mreturn[39;00m module
[1;32m   1880[0m found_backend [38;5;241m=[39m [38;5;28;01mFalse[39;00m

[0;31mImportError[0m: matplotlib is required for plotting when the default backend "matplotlib" is selected.

